<?xml version="1.0" encoding="UTF-8"?>
<!-- Generated by org.testng.reporters.JUnitReportReporter -->
<testsuite hostname="SJDES0062" name="cases.AuthButtons" tests="1" failures="0" timestamp="23 Oct 2017 01:45:46 GMT" time="1.161" errors="0">
  <testcase name="authButtons" time="1.161" classname="cases.AuthButtons"/>
</testsuite> <!-- cases.AuthButtons -->
