<?xml version="1.0" encoding="UTF-8"?>
<!-- Generated by org.testng.reporters.JUnitReportReporter -->
<testsuite hostname="SJDES0010" name="cases.cfgDictionoryCompany" tests="1" failures="0" timestamp="17 May 2017 07:46:08 GMT" time="0.566" errors="0">
  <testcase name="getcfgDictionoryCompany" time="0.566" classname="cases.cfgDictionoryCompany"/>
</testsuite> <!-- cases.cfgDictionoryCompany -->
