<?xml version="1.0" encoding="UTF-8"?>
<!-- Generated by org.testng.reporters.JUnitReportReporter -->
<testsuite hostname="SJDES0062" name="cases.accountmanager.AccountList" tests="1" failures="0" timestamp="1 Jun 2017 07:27:26 GMT" time="768.631" errors="0">
  <testcase name="getAccountList" time="768.631" classname="cases.accountmanager.AccountList"/>
</testsuite> <!-- cases.accountmanager.AccountList -->
