<?xml version="1.0" encoding="UTF-8"?>
<!-- Generated by org.testng.reporters.JUnitReportReporter -->
<testsuite hostname="SJDES0010" name="cases.auth_user" tests="1" failures="0" timestamp="16 Oct 2017 06:04:48 GMT" time="1.218" errors="0">
  <testcase name="authUser" time="1.218" classname="cases.auth_user"/>
</testsuite> <!-- cases.auth_user -->
