<?xml version="1.0" encoding="UTF-8"?>
<!-- Generated by org.testng.reporters.JUnitReportReporter -->
<testsuite hostname="SC-201801231659" name="cases.queryAd" tests="1" failures="0" timestamp="31 Jan 2018 03:34:06 GMT" time="0.475" errors="0">
  <testcase name="queryAd" time="0.475" classname="cases.queryAd"/>
</testsuite> <!-- cases.queryAd -->
