<?xml version="1.0" encoding="UTF-8"?>
<!-- Generated by org.testng.reporters.JUnitReportReporter -->
<<<<<<< .mine
<testsuite hostname="SJDES0062" name="cases.apiCfgDictionaries" tests="11" failures="0" timestamp="24 May 2017 07:31:00 GMT" time="2.685" errors="0">
  <testcase name="getcfgDictionoryCompany" time="0.251" classname="cases.apiCfgDictionaries"/>
  <testcase name="getcfgDictionoryCompany" time="0.253" classname="cases.apiCfgDictionaries"/>
  <testcase name="getcfgDictionoryCompany" time="0.373" classname="cases.apiCfgDictionaries"/>
  <testcase name="getcfgDictionoryCompany" time="0.364" classname="cases.apiCfgDictionaries"/>
  <testcase name="getcfgDictionoryCompany" time="0.224" classname="cases.apiCfgDictionaries"/>
  <testcase name="getcfgDictionoryCompany" time="0.208" classname="cases.apiCfgDictionaries"/>
  <testcase name="getcfgDictionoryCompany" time="0.204" classname="cases.apiCfgDictionaries"/>
  <testcase name="getcfgDictionoryCompany" time="0.204" classname="cases.apiCfgDictionaries"/>
  <testcase name="getcfgDictionoryCompany" time="0.200" classname="cases.apiCfgDictionaries"/>
  <testcase name="getcfgDictionoryCompany" time="0.200" classname="cases.apiCfgDictionaries"/>
  <testcase name="getcfgDictionoryCompany" time="0.204" classname="cases.apiCfgDictionaries"/>
=======
<testsuite hostname="SJDES0010" name="cases.apiCfgDictionaries" tests="11" failures="0" timestamp="16 Oct 2017 06:06:39 GMT" time="4.662" errors="0">
  <testcase name="getcfgDictionoryCompany" time="0.315" classname="cases.apiCfgDictionaries"/>
  <testcase name="getcfgDictionoryCompany" time="0.328" classname="cases.apiCfgDictionaries"/>
  <testcase name="getcfgDictionoryCompany" time="0.512" classname="cases.apiCfgDictionaries"/>
  <testcase name="getcfgDictionoryCompany" time="0.333" classname="cases.apiCfgDictionaries"/>
  <testcase name="getcfgDictionoryCompany" time="0.545" classname="cases.apiCfgDictionaries"/>
  <testcase name="getcfgDictionoryCompany" time="0.338" classname="cases.apiCfgDictionaries"/>
  <testcase name="getcfgDictionoryCompany" time="0.325" classname="cases.apiCfgDictionaries"/>
  <testcase name="getcfgDictionoryCompany" time="0.365" classname="cases.apiCfgDictionaries"/>
  <testcase name="getcfgDictionoryCompany" time="0.555" classname="cases.apiCfgDictionaries"/>
  <testcase name="getcfgDictionoryCompany" time="0.568" classname="cases.apiCfgDictionaries"/>
  <testcase name="getcfgDictionoryCompany" time="0.478" classname="cases.apiCfgDictionaries"/>
>>>>>>> .r340
</testsuite> <!-- cases.apiCfgDictionaries -->
