<?xml version="1.0" encoding="UTF-8"?>
<!-- Generated by org.testng.reporters.JUnitReportReporter -->
<testsuite hostname="SJDES0010" name="cases.apiCfgDictionariesUserStatus" tests="1" failures="0" timestamp="17 May 2017 07:47:13 GMT" time="1.470" errors="0">
  <testcase name="getcfgDictionoryCompany" time="1.470" classname="cases.apiCfgDictionariesUserStatus"/>
</testsuite> <!-- cases.apiCfgDictionariesUserStatus -->
