<?xml version="1.0" encoding="UTF-8"?>
<!-- Generated by org.testng.reporters.JUnitReportReporter -->
<testsuite hostname="SJDES0010" name="cases.TestDemo" tests="1" failures="0" timestamp="16 Oct 2017 06:02:32 GMT" time="0.005" errors="0">
  <testcase name="authUser" time="0.005" classname="cases.TestDemo"/>
</testsuite> <!-- cases.TestDemo -->
