<?xml version="1.0" encoding="UTF-8"?>
<!-- Generated by org.testng.reporters.JUnitReportReporter -->
<testsuite hostname="SJDES0010" name="com.bsss.modtest.cases.TestInterfaceCase" tests="1" failures="0" timestamp="6 Jan 2017 08:59:18 GMT" time="0.013" errors="0">
  <testcase name="testA" time="0.013" classname="com.bsss.modtest.cases.TestInterfaceCase"/>
</testsuite> <!-- com.bsss.modtest.cases.TestInterfaceCase -->
